<?xml version="1.0" encoding="UTF-8"?>
<!-- Generated by org.testng.reporters.JUnitReportReporter -->
<testsuite hostname="DESKTOP-22IL9GP" failures="0" tests="1" name="vtiger.produt_module_test.ToCreateProductTest" time="47.585" errors="0" timestamp="2023-07-05T15:10:11 IST" skipped="0">
  <testcase classname="vtiger.produt_module_test.ToCreateProductTest" name="toCreateProductAndVerifyProductName" time="47.585"/>
  <system-out/>
</testsuite> <!-- vtiger.produt_module_test.ToCreateProductTest -->
