<?xml version="1.0" encoding="UTF-8"?>
<!-- Generated by org.testng.reporters.JUnitReportReporter -->
<testsuite hostname="DESKTOP-22IL9GP" failures="0" tests="1" name="practice.DevStringx" time="28.372" errors="0" timestamp="2023-07-24T13:54:26 IST" skipped="0">
  <testcase classname="practice.DevStringx" name="test" time="28.372"/>
  <system-out/>
</testsuite> <!-- practice.DevStringx -->
