<?xml version="1.0" encoding="UTF-8"?>
<!-- Generated by org.testng.reporters.JUnitReportReporter -->
<testsuite hostname="DESKTOP-22IL9GP" failures="0" tests="1" name="practice.Noon" time="21.650" errors="0" timestamp="2023-07-24T22:49:19 IST" skipped="0">
  <testcase classname="practice.Noon" name="testNoon" time="21.650"/>
  <system-out/>
</testsuite> <!-- practice.Noon -->
