<?xml version="1.0" encoding="UTF-8"?>
<!-- Generated by org.testng.reporters.JUnitReportReporter -->
<testsuite hostname="ilu" failures="0" tests="1" name="vtiger.produt_module_test.ToCreateProductTest" time="28.959" errors="0" timestamp="2024-09-02T09:14:04 IST" skipped="0">
  <testcase classname="vtiger.produt_module_test.ToCreateProductTest" name="toCreateProductAndVerifyProductName" time="28.959"/>
  <system-out/>
</testsuite> <!-- vtiger.produt_module_test.ToCreateProductTest -->
