<?xml version="1.0" encoding="UTF-8"?>
<!-- Generated by org.testng.reporters.JUnitReportReporter -->
<testsuite hostname="DESKTOP-22IL9GP" failures="0" tests="1" name="practice.MyPractice" time="58.018" errors="0" timestamp="2023-07-27T23:15:01 IST" skipped="0">
  <testcase classname="practice.MyPractice" name="toFetchFlightPriceFromMakeMyTrip" time="58.018"/>
  <system-out/>
</testsuite> <!-- practice.MyPractice -->
