<?xml version="1.0" encoding="UTF-8"?>
<!-- Generated by org.testng.reporters.JUnitReportReporter -->
<testsuite hostname="DESKTOP-22IL9GP" failures="0" tests="1" name="vtiger.lead_module_test.ToVerifyLeadInfoTest" time="24.468" errors="0" timestamp="2023-07-24T11:58:42 IST" skipped="0">
  <testcase classname="vtiger.lead_module_test.ToVerifyLeadInfoTest" name="toCreateLeadAndToVerifyLeadInfoTest" time="24.468"/>
  <system-out/>
</testsuite> <!-- vtiger.lead_module_test.ToVerifyLeadInfoTest -->
