<?xml version="1.0" encoding="UTF-8"?>
<!-- Generated by org.testng.reporters.JUnitReportReporter -->
<testsuite hostname="ilu" failures="0" tests="1" name="vtiger.lead_module_test.ToVerifyLeadInfoTest" time="26.655" errors="0" timestamp="2024-09-02T09:14:04 IST" skipped="0">
  <testcase classname="vtiger.lead_module_test.ToVerifyLeadInfoTest" name="toCreateLeadAndToVerifyLeadInfoTest" time="26.655"/>
  <system-out/>
</testsuite> <!-- vtiger.lead_module_test.ToVerifyLeadInfoTest -->
