<?xml version="1.0" encoding="UTF-8"?>
<!-- Generated by org.testng.reporters.JUnitReportReporter -->
<testsuite hostname="DESKTOP-22IL9GP" failures="0" tests="1" name="practice.Assignments" time="10.442" errors="0" timestamp="2023-07-21T21:54:25 IST" skipped="0">
  <testcase classname="practice.Assignments" name="taskTwo" time="10.442"/>
  <system-out/>
</testsuite> <!-- practice.Assignments -->
