<?xml version="1.0" encoding="UTF-8"?>
<!-- Generated by org.testng.reporters.JUnitReportReporter -->
<testsuite hostname="DESKTOP-22IL9GP" failures="0" tests="1" name="vtiger.produt_module_test.ToCreateProductTest" time="31.583" errors="0" timestamp="2023-06-17T19:10:58 IST" skipped="0">
  <testcase classname="vtiger.produt_module_test.ToCreateProductTest" name="toCreateProductAndVerifyProductName" time="31.583"/>
  <system-out/>
</testsuite> <!-- vtiger.produt_module_test.ToCreateProductTest -->
